{
  "RSpec": {
    "coverage": {
      "/Users/maryrose/module_4_projects/final/spec/features/user_can_change_status_spec.rb": [
        1,
        null,
        1,
        1,
        1,
        null,
        null,
        null,
        1,
        null,
        1,
        1,
        1,
        1,
        1,
        null,
        null,
        1,
        1,
        1,
        1,
        1,
        null,
        null,
        null
      ],
      "/Users/maryrose/module_4_projects/final/spec/rails_helper.rb": [
        1,
        1,
        1,
        1,
        1,
        1,
        1,
        null,
        1,
        null,
        1,
        null,
        1,
        null,
        null,
        1,
        null,
        1,
        null,
        1,
        null,
        null,
        null,
        null,
        null
      ],
      "/Users/maryrose/module_4_projects/final/config/environment.rb": [
        null,
        1,
        null,
        null,
        1,
        null,
        1,
        1,
        null,
        null,
        null,
        null,
        null,
        null,
        null,
        null
      ],
      "/Users/maryrose/module_4_projects/final/config/application.rb": [
        1,
        null,
        1,
        null,
        1,
        1,
        1,
        1,
        1,
        1,
        1,
        null,
        null,
        null,
        null,
        1,
        null,
        1,
        1,
        1,
        null,
        null,
        null,
        null,
        null,
        null,
        null,
        null,
        null,
        null,
        null,
        null,
        null,
        null,
        null,
        null,
        null,
        null,
        null,
        null,
        null,
        null,
        null,
        null,
        null,
        null
      ],
      "/Users/maryrose/module_4_projects/final/config/boot.rb": [
        1,
        null,
        1
      ],
      "/Users/maryrose/module_4_projects/final/config/environments/test.rb": [
        1,
        null,
        null,
        null,
        null,
        null,
        null,
        1,
        null,
        null,
        null,
        null,
        1,
        null,
        null,
        1,
        1,
        null,
        null,
        1,
        1,
        null,
        null,
        1,
        null,
        null,
        1,
        null,
        null,
        null,
        null,
        1,
        null,
        null,
        1,
        null,
        null,
        1,
        null,
        null,
        null,
        null
      ],
      "/Users/maryrose/module_4_projects/final/config/initializers/assets.rb": [
        null,
        null,
        null,
        1,
        null,
        null,
        null,
        null,
        null,
        null,
        null
      ],
      "/Users/maryrose/module_4_projects/final/config/initializers/backtrace_silencers.rb": [
        null,
        null,
        null,
        null,
        null,
        null,
        null
      ],
      "/Users/maryrose/module_4_projects/final/config/initializers/cookies_serializer.rb": [
        null,
        null,
        1
      ],
      "/Users/maryrose/module_4_projects/final/config/initializers/filter_parameter_logging.rb": [
        null,
        null,
        null,
        1
      ],
      "/Users/maryrose/module_4_projects/final/config/initializers/inflections.rb": [
        null,
        null,
        null,
        null,
        null,
        null,
        null,
        null,
        null,
        null,
        null,
        null,
        null,
        null,
        null,
        null
      ],
      "/Users/maryrose/module_4_projects/final/config/initializers/mime_types.rb": [
        null,
        null,
        null,
        null
      ],
      "/Users/maryrose/module_4_projects/final/config/initializers/session_store.rb": [
        null,
        null,
        1
      ],
      "/Users/maryrose/module_4_projects/final/config/initializers/wrap_parameters.rb": [
        null,
        null,
        null,
        null,
        null,
        null,
        1,
        1,
        null,
        null,
        null,
        null,
        null,
        null
      ],
      "/Users/maryrose/module_4_projects/final/config/routes.rb": [
        1,
        null,
        1,
        null,
        1,
        null,
        1,
        1,
        1,
        null,
        1,
        1,
        1,
        null,
        1,
        1,
        1,
        null,
        null,
        null,
        null
      ],
      "/Users/maryrose/module_4_projects/final/app/helpers/application_helper.rb": [
        1,
        null
      ],
      "/Users/maryrose/module_4_projects/final/spec/features/user_can_recommend_spec.rb": [
        1,
        null,
        1,
        null,
        1,
        1,
        null,
        null,
        null,
        1,
        null,
        1,
        1,
        1,
        1,
        1,
        null,
        null,
        1,
        1,
        1,
        null,
        1,
        null,
        1,
        1,
        null,
        1,
        null,
        null,
        null,
        null
      ],
      "/Users/maryrose/module_4_projects/final/spec/features/user_creates_account_spec.rb": [
        1,
        null,
        1,
        1,
        1,
        1,
        1,
        null,
        1,
        null,
        1,
        1,
        1,
        1,
        null,
        1,
        1,
        null,
        null,
        null,
        null
      ],
      "/Users/maryrose/module_4_projects/final/spec/features/user_creates_link_spec.rb": [
        1,
        null,
        1,
        1,
        2,
        null,
        null,
        2,
        2,
        2,
        2,
        2,
        null,
        null,
        1,
        1,
        1,
        1,
        1,
        null,
        1,
        1,
        1,
        null,
        null,
        null,
        1,
        1,
        1,
        1,
        1,
        null,
        1,
        1,
        1,
        null,
        null,
        null
      ],
      "/Users/maryrose/module_4_projects/final/spec/features/user_edits_link_spec.rb": [
        1,
        null,
        1,
        1,
        2,
        null,
        null,
        null,
        2,
        null,
        2,
        2,
        2,
        2,
        2,
        null,
        null,
        1,
        1,
        1,
        1,
        1,
        1,
        null,
        1,
        1,
        1,
        null,
        null,
        null,
        1,
        1,
        1,
        1,
        1,
        1,
        null,
        1,
        null,
        null,
        null
      ],
      "/Users/maryrose/module_4_projects/final/spec/features/user_logs_in_spec.rb": [
        1,
        null,
        1,
        1,
        1,
        1,
        null,
        null,
        null,
        1,
        1,
        null,
        1,
        null,
        1,
        1,
        1,
        null,
        1,
        null,
        null,
        null,
        1,
        1,
        1,
        1,
        null,
        1,
        null,
        1,
        1,
        1,
        null,
        1,
        null,
        null,
        null,
        1,
        1,
        1,
        null,
        null,
        null,
        1,
        1,
        null,
        1,
        null,
        1,
        1,
        1,
        null,
        1,
        null,
        1,
        null,
        1,
        null,
        null,
        null
      ],
      "/Users/maryrose/module_4_projects/final/spec/models/link_spec.rb": [
        1,
        null,
        1,
        1,
        2,
        null,
        null,
        null,
        1,
        1,
        null,
        null,
        null,
        1,
        1,
        null,
        null,
        1,
        1,
        null,
        null,
        1,
        1,
        null,
        null
      ],
      "/Users/maryrose/module_4_projects/final/app/models/link.rb": [
        1,
        1,
        12,
        null,
        1,
        null
      ],
      "/Users/maryrose/module_4_projects/final/spec/models/user_spec.rb": [
        1,
        null,
        1,
        1,
        1,
        null,
        null,
        null,
        null,
        1,
        1,
        null,
        null,
        1,
        1,
        null,
        null,
        null,
        1,
        null,
        null,
        null
      ],
      "/Users/maryrose/module_4_projects/final/app/models/user.rb": [
        1,
        10,
        1,
        null,
        1,
        null,
        1,
        null
      ],
      "/Users/maryrose/module_4_projects/final/app/controllers/home_controller.rb": [
        1,
        null,
        1,
        null,
        null,
        null,
        null
      ],
      "/Users/maryrose/module_4_projects/final/app/controllers/application_controller.rb": [
        1,
        null,
        null,
        1,
        null,
        null,
        1,
        null,
        1,
        8,
        null,
        null,
        1,
        42,
        null,
        null
      ],
      "/Users/maryrose/module_4_projects/final/app/controllers/sessions_controller.rb": [
        1,
        1,
        null,
        null,
        1,
        9,
        9,
        8,
        8,
        null,
        1,
        1,
        null,
        null,
        null,
        1,
        1,
        1,
        1,
        1,
        null,
        null
      ],
      "/Users/maryrose/module_4_projects/final/app/controllers/links_controller.rb": [
        1,
        null,
        1,
        null,
        null,
        null,
        1,
        13,
        13,
        null,
        0,
        null,
        13,
        null,
        null,
        1,
        2,
        null,
        2,
        1,
        null,
        1,
        1,
        null,
        null,
        null,
        1,
        2,
        null,
        2,
        1,
        null,
        1,
        1,
        null,
        null,
        null,
        1,
        3,
        null,
        null,
        1,
        null,
        1,
        4,
        null,
        null,
        null
      ],
      "/Users/maryrose/module_4_projects/final/app/controllers/api/v1/links_controller.rb": [
        1,
        1,
        null,
        1,
        1,
        1,
        null,
        1,
        null,
        null,
        1,
        null,
        1,
        1,
        null,
        null
      ],
      "/Users/maryrose/module_4_projects/final/app/controllers/recommendations_controller.rb": [
        1,
        1,
        1,
        1,
        null,
        0,
        0,
        null,
        null,
        null,
        1,
        1,
        1,
        null,
        1,
        0,
        0,
        null,
        null,
        1,
        1,
        1,
        1,
        null,
        null,
        null
      ],
      "/Users/maryrose/module_4_projects/final/app/mailers/notifications_mailer.rb": [
        1,
        1,
        1,
        1,
        null,
        null,
        null,
        null,
        null,
        null
      ],
      "/Users/maryrose/module_4_projects/final/app/mailers/application_mailer.rb": [
        1,
        1,
        1,
        null
      ],
      "/Users/maryrose/module_4_projects/final/app/controllers/users_controller.rb": [
        1,
        null,
        1,
        1,
        null,
        null,
        1,
        1,
        1,
        1,
        1,
        null,
        0,
        null,
        null,
        null,
        1,
        null,
        1,
        1,
        null,
        null,
        null
      ]
    },
    "timestamp": 1448917623
  }
}
